npx : src\components\Studen
t\AddStudent.tsx format Γöü
ΓöüΓöüΓöüΓöüΓöüΓöüΓöüΓöüΓöü
ΓöüΓöüΓöüΓöüΓöüΓöüΓöüΓöüΓöü
ΓöüΓöüΓöüΓöüΓöüΓöüΓöüΓöüΓöü
ΓöüΓöüΓöüΓöüΓöüΓöüΓöüΓöüΓöü
ΓöüΓöüΓöüΓöüΓöüΓöüΓöüΓöüΓöü
ΓöüΓöüΓöüΓöüΓöüΓöüΓöüΓöüΓöü
At line:1 char:1
+ npx @biomejs/biome check 
. > error.log 2>&1
+ ~~~~~~~~~~~~~~~~~~~~~~~~~
~~~~~~~~~~~~~~~~~~
    + CategoryInfo         
     : NotSpecified: (src  
  \components\...ΓöüΓöüΓ   
 öüΓöüΓöü:String) [], R    
emoteException
    + FullyQualifiedErrorI 
   d : NativeCommandError
 

  ├ù Formatter would have 
printed the following 
content:
  
    103 103 Γöé            
 <div className="grid 
grid-cols-1 md:grid-cols-2 
gap-x-8 gap-y-6">
    104 104 Γöé            
   <div className="flex 
flex-col gap-2 
md:col-span-2">
    105     Γöé - ┬╖┬╖┬╖┬╖┬
╖┬╖┬╖┬╖┬╖┬╖┬╖┬╖┬╖┬╖<label┬╖
htmlFor="studentName"┬╖clas
sName="text-sm┬╖font-semibo
ld┬╖text-foreground">
        105 Γöé + ┬╖┬╖┬╖┬╖┬
╖┬╖┬╖┬╖┬╖┬╖┬╖┬╖┬╖┬╖<label
        106 Γöé + ┬╖┬╖┬╖┬╖┬
╖┬╖┬╖┬╖┬╖┬╖┬╖┬╖┬╖┬╖┬╖┬╖html
For="studentName"
        107 Γöé + ┬╖┬╖┬╖┬╖┬
╖┬╖┬╖┬╖┬╖┬╖┬╖┬╖┬╖┬╖┬╖┬╖clas
sName="text-sm┬╖font-semibo
ld┬╖text-foreground"
        108 Γöé + ┬╖┬╖┬╖┬╖┬
╖┬╖┬╖┬╖┬╖┬╖┬╖┬╖┬╖┬╖>
    106 109 Γöé            
       Student Full Name 
<span className="text-red-5
00">*</span>
    107 110 Γöé            
     </label>
    ┬╖┬╖┬╖┬╖┬╖┬╖┬╖ Γöé 
    115 118 Γöé   
    116 119 Γöé            
   <div className="flex 
flex-col gap-2">
    117     Γöé - ┬╖┬╖┬╖┬╖┬
╖┬╖┬╖┬╖┬╖┬╖┬╖┬╖┬╖┬╖<label┬╖
htmlFor="emailAddress"┬╖cla
ssName="text-sm┬╖font-semib
old┬╖text-foreground">
        120 Γöé + ┬╖┬╖┬╖┬╖┬
╖┬╖┬╖┬╖┬╖┬╖┬╖┬╖┬╖┬╖<label
        121 Γöé + ┬╖┬╖┬╖┬╖┬
╖┬╖┬╖┬╖┬╖┬╖┬╖┬╖┬╖┬╖┬╖┬╖html
For="emailAddress"
        122 Γöé + ┬╖┬╖┬╖┬╖┬
╖┬╖┬╖┬╖┬╖┬╖┬╖┬╖┬╖┬╖┬╖┬╖clas
sName="text-sm┬╖font-semibo
ld┬╖text-foreground"
        123 Γöé + ┬╖┬╖┬╖┬╖┬
╖┬╖┬╖┬╖┬╖┬╖┬╖┬╖┬╖┬╖>
    118 124 Γöé            
       Email Address <span 
className="text-red-500">*<
/span>
    119 125 Γöé            
     </label>
    ┬╖┬╖┬╖┬╖┬╖┬╖┬╖ Γöé 
    127 133 Γöé   
    128 134 Γöé            
   <div className="flex 
flex-col gap-2">
    129     Γöé - ┬╖┬╖┬╖┬╖┬
╖┬╖┬╖┬╖┬╖┬╖┬╖┬╖┬╖┬╖<label┬╖
htmlFor="phoneNumber"┬╖clas
sName="text-sm┬╖font-semibo
ld┬╖text-foreground">
        135 Γöé + ┬╖┬╖┬╖┬╖┬
╖┬╖┬╖┬╖┬╖┬╖┬╖┬╖┬╖┬╖<label
        136 Γöé + ┬╖┬╖┬╖┬╖┬
╖┬╖┬╖┬╖┬╖┬╖┬╖┬╖┬╖┬╖┬╖┬╖html
For="phoneNumber"
        137 Γöé + ┬╖┬╖┬╖┬╖┬
╖┬╖┬╖┬╖┬╖┬╖┬╖┬╖┬╖┬╖┬╖┬╖clas
sName="text-sm┬╖font-semibo
ld┬╖text-foreground"
        138 Γöé + ┬╖┬╖┬╖┬╖┬
╖┬╖┬╖┬╖┬╖┬╖┬╖┬╖┬╖┬╖>
    130 139 Γöé            
       Phone Number <span c
lassName="text-red-500">*</
span>
    131 140 Γöé            
     </label>
    ┬╖┬╖┬╖┬╖┬╖┬╖┬╖ Γöé 
    139 148 Γöé   
    140 149 Γöé            
   <div className="flex 
flex-col gap-2">
    141     Γöé - ┬╖┬╖┬╖┬╖┬
╖┬╖┬╖┬╖┬╖┬╖┬╖┬╖┬╖┬╖<label┬╖
htmlFor="country"┬╖classNam
e="text-sm┬╖font-semibold┬╖
text-foreground">
        150 Γöé + ┬╖┬╖┬╖┬╖┬
╖┬╖┬╖┬╖┬╖┬╖┬╖┬╖┬╖┬╖<label
        151 Γöé + ┬╖┬╖┬╖┬╖┬
╖┬╖┬╖┬╖┬╖┬╖┬╖┬╖┬╖┬╖┬╖┬╖html
For="country"
        152 Γöé + ┬╖┬╖┬╖┬╖┬
╖┬╖┬╖┬╖┬╖┬╖┬╖┬╖┬╖┬╖┬╖┬╖clas
sName="text-sm┬╖font-semibo
ld┬╖text-foreground"
        153 Γöé + ┬╖┬╖┬╖┬╖┬
╖┬╖┬╖┬╖┬╖┬╖┬╖┬╖┬╖┬╖>
    142 154 Γöé            
       Country <span classN
ame="text-red-500">*</span>
    143 155 Γöé            
     </label>
    144 156 Γöé            
     <div 
className="relative group">
    145     Γöé - ┬╖┬╖┬╖┬╖┬
╖┬╖┬╖┬╖┬╖┬╖┬╖┬╖┬╖┬╖┬╖┬╖<sel
ect┬╖id="country"┬╖classNam
e="h-12┬╖w-full┬╖appearance
-none┬╖rounded-xl┬╖bg-[#F1F
1F1]┬╖px-4┬╖text-sm┬╖outlin
e-none┬╖transition-all┬╖cur
sor-pointer┬╖focus:bg-white
┬╖focus:ring-2┬╖focus:ring-
primary/10┬╖text-muted-fore
ground┬╖focus:text-foregrou
nd">
        157 Γöé + ┬╖┬╖┬╖┬╖┬
╖┬╖┬╖┬╖┬╖┬╖┬╖┬╖┬╖┬╖┬╖┬╖<sel
ect
        158 Γöé + ┬╖┬╖┬╖┬╖┬
╖┬╖┬╖┬╖┬╖┬╖┬╖┬╖┬╖┬╖┬╖┬╖┬╖┬╖
id="country"
        159 Γöé + ┬╖┬╖┬╖┬╖┬
╖┬╖┬╖┬╖┬╖┬╖┬╖┬╖┬╖┬╖┬╖┬╖┬╖┬╖
className="h-12┬╖w-full┬╖ap
pearance-none┬╖rounded-xl┬╖
bg-[#F1F1F1]┬╖px-4┬╖text-sm
┬╖outline-none┬╖transition-
all┬╖cursor-pointer┬╖focus:
bg-white┬╖focus:ring-2┬╖foc
us:ring-primary/10┬╖text-mu
ted-foreground┬╖focus:text-
foreground"
        160 Γöé + ┬╖┬╖┬╖┬╖┬
╖┬╖┬╖┬╖┬╖┬╖┬╖┬╖┬╖┬╖┬╖┬╖>
    146 161 Γöé            
         <option 
value="">Select a 
country</option>
    147 162 Γöé            
         <option 
value="in">India</option>
    ┬╖┬╖┬╖┬╖┬╖┬╖┬╖ Γöé 
    154 169 Γöé   
    155 170 Γöé            
   <div className="flex 
flex-col gap-2">
    156     Γöé - ┬╖┬╖┬╖┬╖┬
╖┬╖┬╖┬╖┬╖┬╖┬╖┬╖┬╖┬╖<label┬╖
htmlFor="preferredLanguage"
┬╖className="text-sm┬╖font-
semibold┬╖text-foreground">
        171 Γöé + ┬╖┬╖┬╖┬╖┬
╖┬╖┬╖┬╖┬╖┬╖┬╖┬╖┬╖┬╖<label
        172 Γöé + ┬╖┬╖┬╖┬╖┬
╖┬╖┬╖┬╖┬╖┬╖┬╖┬╖┬╖┬╖┬╖┬╖html
For="preferredLanguage"
        173 Γöé + ┬╖┬╖┬╖┬╖┬
╖┬╖┬╖┬╖┬╖┬╖┬╖┬╖┬╖┬╖┬╖┬╖clas
sName="text-sm┬╖font-semibo
ld┬╖text-foreground"
        174 Γöé + ┬╖┬╖┬╖┬╖┬
╖┬╖┬╖┬╖┬╖┬╖┬╖┬╖┬╖┬╖>
    157 175 Γöé            
       Preferred Language 
<span className="text-red-5
00">*</span>
    158 176 Γöé            
     </label>
    159 177 Γöé            
     <div 
className="relative group">
    160     Γöé - ┬╖┬╖┬╖┬╖┬
╖┬╖┬╖┬╖┬╖┬╖┬╖┬╖┬╖┬╖┬╖┬╖<sel
ect┬╖id="preferredLanguage"
┬╖className="h-12┬╖w-full┬╖
appearance-none┬╖rounded-xl
┬╖bg-[#F1F1F1]┬╖px-4┬╖text-
sm┬╖outline-none┬╖transitio
n-all┬╖cursor-pointer┬╖focu
s:bg-white┬╖focus:ring-2┬╖f
ocus:ring-primary/10┬╖text-
foreground">
        178 Γöé + ┬╖┬╖┬╖┬╖┬
╖┬╖┬╖┬╖┬╖┬╖┬╖┬╖┬╖┬╖┬╖┬╖<sel
ect
        179 Γöé + ┬╖┬╖┬╖┬╖┬
╖┬╖┬╖┬╖┬╖┬╖┬╖┬╖┬╖┬╖┬╖┬╖┬╖┬╖
id="preferredLanguage"
        180 Γöé + ┬╖┬╖┬╖┬╖┬
╖┬╖┬╖┬╖┬╖┬╖┬╖┬╖┬╖┬╖┬╖┬╖┬╖┬╖
className="h-12┬╖w-full┬╖ap
pearance-none┬╖rounded-xl┬╖
bg-[#F1F1F1]┬╖px-4┬╖text-sm
┬╖outline-none┬╖transition-
all┬╖cursor-pointer┬╖focus:
bg-white┬╖focus:ring-2┬╖foc
us:ring-primary/10┬╖text-fo
reground"
        181 Γöé + ┬╖┬╖┬╖┬╖┬
╖┬╖┬╖┬╖┬╖┬╖┬╖┬╖┬╖┬╖┬╖┬╖>
    161 182 Γöé            
         <option 
value="en">English 
(US)</option>
    162 183 Γöé            
         <option 
value="es">Spanish</option>
    ┬╖┬╖┬╖┬╖┬╖┬╖┬╖ Γöé 
    234 255 Γöé            
       <div 
className="grid 
grid-cols-1 md:grid-cols-3 
gap-6">
    235 256 Γöé            
         <div 
className="flex flex-col 
gap-2">
    236     Γöé - ┬╖┬╖┬╖┬╖┬
╖┬╖┬╖┬╖┬╖┬╖┬╖┬╖┬╖┬╖┬╖┬╖┬╖┬╖
┬╖┬╖<label┬╖htmlFor="startD
ate"┬╖className="text-sm┬╖f
ont-semibold┬╖text-foregrou
nd">
        257 Γöé + ┬╖┬╖┬╖┬╖┬
╖┬╖┬╖┬╖┬╖┬╖┬╖┬╖┬╖┬╖┬╖┬╖┬╖┬╖
┬╖┬╖<label
        258 Γöé + ┬╖┬╖┬╖┬╖┬
╖┬╖┬╖┬╖┬╖┬╖┬╖┬╖┬╖┬╖┬╖┬╖┬╖┬╖
┬╖┬╖┬╖┬╖htmlFor="startDate"
        259 Γöé + ┬╖┬╖┬╖┬╖┬
╖┬╖┬╖┬╖┬╖┬╖┬╖┬╖┬╖┬╖┬╖┬╖┬╖┬╖
┬╖┬╖┬╖┬╖className="text-sm┬
╖font-semibold┬╖text-foregr
ound"
        260 Γöé + ┬╖┬╖┬╖┬╖┬
╖┬╖┬╖┬╖┬╖┬╖┬╖┬╖┬╖┬╖┬╖┬╖┬╖┬╖
┬╖┬╖>
    237 261 Γöé            
             Start Date 
<span className="text-red-5
00">*</span>
    238 262 Γöé            
           </label>
    ┬╖┬╖┬╖┬╖┬╖┬╖┬╖ Γöé 
    263 287 Γöé   
    264 288 Γöé            
         <div 
className="flex flex-col 
gap-2">
    265     Γöé - ┬╖┬╖┬╖┬╖┬
╖┬╖┬╖┬╖┬╖┬╖┬╖┬╖┬╖┬╖┬╖┬╖┬╖┬╖
┬╖┬╖<label┬╖htmlFor="expiry
Date"┬╖className="text-sm┬╖
font-semibold┬╖text-foregro
und">
        289 Γöé + ┬╖┬╖┬╖┬╖┬
╖┬╖┬╖┬╖┬╖┬╖┬╖┬╖┬╖┬╖┬╖┬╖┬╖┬╖
┬╖┬╖<label
        290 Γöé + ┬╖┬╖┬╖┬╖┬
╖┬╖┬╖┬╖┬╖┬╖┬╖┬╖┬╖┬╖┬╖┬╖┬╖┬╖
┬╖┬╖┬╖┬╖htmlFor="expiryDate
"
        291 Γöé + ┬╖┬╖┬╖┬╖┬
╖┬╖┬╖┬╖┬╖┬╖┬╖┬╖┬╖┬╖┬╖┬╖┬╖┬╖
┬╖┬╖┬╖┬╖className="text-sm┬
╖font-semibold┬╖text-foregr
ound"
        292 Γöé + ┬╖┬╖┬╖┬╖┬
╖┬╖┬╖┬╖┬╖┬╖┬╖┬╖┬╖┬╖┬╖┬╖┬╖┬╖
┬╖┬╖>
    266 293 Γöé            
             Expiry Date 
<span className="text-red-5
00">*</span>
    267 294 Γöé            
           </label>
    ┬╖┬╖┬╖┬╖┬╖┬╖┬╖ Γöé 
    292 319 Γöé   
    293 320 Γöé            
         <div 
className="flex flex-col 
gap-2">
    294     Γöé - ┬╖┬╖┬╖┬╖┬
╖┬╖┬╖┬╖┬╖┬╖┬╖┬╖┬╖┬╖┬╖┬╖┬╖┬╖
┬╖┬╖<label┬╖htmlFor="durati
onMonths"┬╖className="text-
sm┬╖font-semibold┬╖text-for
eground">
        321 Γöé + ┬╖┬╖┬╖┬╖┬
╖┬╖┬╖┬╖┬╖┬╖┬╖┬╖┬╖┬╖┬╖┬╖┬╖┬╖
┬╖┬╖<label
        322 Γöé + ┬╖┬╖┬╖┬╖┬
╖┬╖┬╖┬╖┬╖┬╖┬╖┬╖┬╖┬╖┬╖┬╖┬╖┬╖
┬╖┬╖┬╖┬╖htmlFor="durationMo
nths"
        323 Γöé + ┬╖┬╖┬╖┬╖┬
╖┬╖┬╖┬╖┬╖┬╖┬╖┬╖┬╖┬╖┬╖┬╖┬╖┬╖
┬╖┬╖┬╖┬╖className="text-sm┬
╖font-semibold┬╖text-foregr
ound"
        324 Γöé + ┬╖┬╖┬╖┬╖┬
╖┬╖┬╖┬╖┬╖┬╖┬╖┬╖┬╖┬╖┬╖┬╖┬╖┬╖
┬╖┬╖>
    295 325 Γöé            
             Duration 
(Months) <span className="t
ext-red-500">*</span>
    296 326 Γöé            
           </label>
  

Checked 28 files in 156ms. No fixes applied.
Found 1 error.
check ΓöüΓöüΓöüΓöüΓöüΓöüΓöü
ΓöüΓöüΓöüΓöüΓöüΓöüΓöüΓöüΓöü
ΓöüΓöüΓöüΓöüΓöüΓöüΓöüΓöüΓöü
ΓöüΓöüΓöüΓöüΓöüΓöüΓöüΓöüΓöü
ΓöüΓöüΓöüΓöüΓöüΓöüΓöüΓöüΓöü
ΓöüΓöüΓöüΓöüΓöüΓöüΓöüΓöüΓöü
ΓöüΓöüΓöüΓöüΓöüΓöüΓöüΓöüΓöü
ΓöüΓöüΓöüΓöüΓöüΓöüΓöüΓöüΓöü
ΓöüΓöüΓöüΓöüΓöüΓöüΓöüΓöüΓöü
ΓöüΓöüΓöüΓöüΓöüΓöüΓöüΓöüΓöü
ΓöüΓöüΓöüΓöüΓöüΓöü

  ├ù Some errors were 
emitted while running 
checks.
  

